This is pdfTeX, Version 3.14159265-2.6-1.40.16 (TeX Live 2015) (preloaded format=pdflatex 2016.4.5)  27 FEB 2019 10:05
entering extended mode
 restricted \write18 enabled.
 file:line:error style messages enabled.
 %&-line parsing enabled.
**02-probabilistic-modelling.tex
(./02-probabilistic-modelling.tex
LaTeX2e <2015/01/01>
Babel <3.9l> and hyphenation patterns for 79 languages loaded.
(/usr/local/texlive/texmf-local/tex/latex/local/foiltex/foils.cls
Document Class: foils 2002/10/29 v2.1.4a FoilTeX Class File, Copyright IBM 1995
,1997,1998,2002
(/usr/local/texlive/texmf-local/tex/latex/local/foiltex/fltfonts.def
File: fltfonts.def 2002/10/29 v2.1.4a FoilTeX font definition file, Copyright I
BM 1995,1997,1998,2002
\symflasy=\mathgroup4
LaTeX Info: Redefining \em on input line 243.
LaTeX Font Info:    Overwriting symbol font `operators' in version `normal'
(Font)                  OT1/cmr/m/n --> OT1/fcmr/m/n on input line 245.
LaTeX Font Info:    Overwriting symbol font `letters' in version `normal'
(Font)                  OML/cmm/m/it --> OML/fcmm/m/it on input line 246.
LaTeX Font Info:    Overwriting symbol font `symbols' in version `normal'
(Font)                  OMS/cmsy/m/n --> OMS/fcmsy/m/n on input line 247.
LaTeX Font Info:    Overwriting symbol font `largesymbols' in version `normal'
(Font)                  OMX/cmex/m/n --> OMX/fcmex/m/n on input line 248.
LaTeX Font Info:    Overwriting symbol font `operators' in version `bold'
(Font)                  OT1/cmr/bx/n --> OT1/fcmr/bx/n on input line 249.
LaTeX Font Info:    Overwriting symbol font `letters' in version `bold'
(Font)                  OML/cmm/b/it --> OML/fcmm/b/it on input line 250.
LaTeX Font Info:    Overwriting symbol font `symbols' in version `bold'
(Font)                  OMS/cmsy/b/n --> OMS/fcmsy/b/n on input line 251.
LaTeX Font Info:    Overwriting symbol font `largesymbols' in version `bold'
(Font)                  OMX/cmex/m/n --> OMX/fcmex/m/n on input line 252.
LaTeX Font Info:    Redeclaring math alphabet \mathrm on input line 253.
LaTeX Font Info:    Redeclaring math alphabet \mathbf on input line 254.
LaTeX Font Info:    Overwriting math alphabet `\mathbf' in version `normal'
(Font)                  OT1/cmr/bx/n --> OT1/fcmr/bx/n on input line 254.
LaTeX Font Info:    Overwriting math alphabet `\mathbf' in version `bold'
(Font)                  OT1/cmr/bx/n --> OT1/fcmr/bx/n on input line 254.
LaTeX Font Info:    Redeclaring math alphabet \mathsf on input line 255.
LaTeX Font Info:    Overwriting math alphabet `\mathsf' in version `normal'
(Font)                  OT1/cmss/m/n --> OT1/fcmss/m/n on input line 255.
LaTeX Font Info:    Overwriting math alphabet `\mathsf' in version `bold'
(Font)                  OT1/cmss/bx/n --> OT1/fcmss/m/n on input line 255.
LaTeX Font Info:    Redeclaring math alphabet \mathit on input line 256.
LaTeX Font Info:    Overwriting math alphabet `\mathit' in version `normal'
(Font)                  OT1/cmr/m/it --> OT1/fcmr/m/it on input line 256.
LaTeX Font Info:    Overwriting math alphabet `\mathit' in version `bold'
(Font)                  OT1/cmr/bx/it --> OT1/fcmr/m/it on input line 256.
LaTeX Font Info:    Redeclaring math alphabet \mathtt on input line 257.
LaTeX Font Info:    Overwriting math alphabet `\mathtt' in version `normal'
(Font)                  OT1/cmtt/m/n --> OT1/fcmtt/m/n on input line 257.
LaTeX Font Info:    Overwriting math alphabet `\mathtt' in version `bold'
(Font)                  OT1/cmtt/m/n --> OT1/fcmtt/m/n on input line 257.
)
(/usr/local/texlive/texmf-local/tex/latex/local/foiltex/foil20.clo
File: foil20.clo 2002/10/29 v2.1.4a FoilTeX file (size option), Copyright IBM 1
995,1997,1998,2002
)
\head@footskip=\dimen102
\@foilheight=\dimen103
\@foilwidth=\dimen104
\abovetitleskip=\skip41
\titleauthorskip=\skip42
\authorauthorskip=\skip43
\authordateskip=\skip44
\dateabstractskip=\skip45
\@tempfootbox=\box26
\@tempfootht=\dimen105
\bibindent=\dimen106
\abovecaptionskip=\skip46
\belowcaptionskip=\skip47
\@captionwidth=\skip48
\captionwidth=\skip49
\abovefloatskip=\skip50
\c@table=\count79
\c@figure=\count80
\foilheadskip=\skip51
\c@Theorem=\count81
\c@Lemma=\count82
\c@Corollary=\count83
\c@Proposition=\count84
\c@Definition=\count85
)
(/usr/local/texlive/texmf-local/tex/latex/local/foiltex-extra/foiltex-extra.sty
Package: foiltex-extra 2009/02/08 Extra macros for FoilTeX: Version 0.5

(/usr/local/texlive/texmf-local/tex/latex/local/foiltex-extra/foiltex-extra-lec
ture-series.sty

LaTeX Warning: You have requested package `foiltex-extra',
               but the package provides `foiltex-extra-lecture-series'.

Package: foiltex-extra-lecture-series 2009/02/08 Lecture Series extension for F
oilTeX: Version 0.5
) (/usr/local/texlive/2015/texmf-dist/tex/latex/graphics/color.sty
Package: color 2014/10/28 v1.1a Standard LaTeX Color (DPC)

(/usr/local/texlive/2015/texmf-dist/tex/latex/latexconfig/color.cfg
File: color.cfg 2007/01/18 v1.5 color configuration of teTeX/TeXLive
)
Package color Info: Driver file: pdftex.def on input line 142.

(/usr/local/texlive/2015/texmf-dist/tex/latex/pdftex-def/pdftex.def
File: pdftex.def 2011/05/27 v0.06d Graphics/color for pdfTeX

(/usr/local/texlive/2015/texmf-dist/tex/generic/oberdiek/infwarerr.sty
Package: infwarerr 2010/04/08 v1.3 Providing info/warning/error messages (HO)
)
(/usr/local/texlive/2015/texmf-dist/tex/generic/oberdiek/ltxcmds.sty
Package: ltxcmds 2011/11/09 v1.22 LaTeX kernel commands for general use (HO)
)
\Gread@gobject=\count86
)))
(/usr/local/texlive/texmf-local/tex/latex/local/crytex/crysymb.sty
(/usr/local/texlive/2015/texmf-dist/tex/latex/amsfonts/amssymb.sty
Package: amssymb 2013/01/14 v3.01 AMS font symbols

(/usr/local/texlive/2015/texmf-dist/tex/latex/amsfonts/amsfonts.sty
Package: amsfonts 2013/01/14 v3.01 Basic AMSFonts support
\@emptytoks=\toks14
\symAMSa=\mathgroup5
\symAMSb=\mathgroup6
LaTeX Font Info:    Overwriting math alphabet `\mathfrak' in version `bold'
(Font)                  U/euf/m/n --> U/euf/b/n on input line 106.
))
(/usr/local/texlive/2015/texmf-dist/tex/latex/amsmath/amsmath.sty
Package: amsmath 2013/01/14 v2.14 AMS math features
\@mathmargin=\skip52

For additional information on amsmath, use the `?' option.
(/usr/local/texlive/2015/texmf-dist/tex/latex/amsmath/amstext.sty
Package: amstext 2000/06/29 v2.01

(/usr/local/texlive/2015/texmf-dist/tex/latex/amsmath/amsgen.sty
File: amsgen.sty 1999/11/30 v2.0
\@emptytoks=\toks15
\ex@=\dimen107
))
(/usr/local/texlive/2015/texmf-dist/tex/latex/amsmath/amsbsy.sty
Package: amsbsy 1999/11/29 v1.2d
\pmbraise@=\dimen108
)
(/usr/local/texlive/2015/texmf-dist/tex/latex/amsmath/amsopn.sty
Package: amsopn 1999/12/14 v2.01 operator names
)
\inf@bad=\count87
LaTeX Info: Redefining \frac on input line 210.
\uproot@=\count88
\leftroot@=\count89
LaTeX Info: Redefining \overline on input line 306.
\classnum@=\count90
\DOTSCASE@=\count91
LaTeX Info: Redefining \ldots on input line 378.
LaTeX Info: Redefining \dots on input line 381.
LaTeX Info: Redefining \cdots on input line 466.
\Mathstrutbox@=\box27
\strutbox@=\box28
\big@size=\dimen109
LaTeX Font Info:    Redeclaring font encoding OML on input line 566.
LaTeX Font Info:    Redeclaring font encoding OMS on input line 567.


Package amsmath Warning: Unable to redefine math accent \vec.

\macc@depth=\count92
\c@MaxMatrixCols=\count93
\dotsspace@=\muskip10
\c@parentequation=\count94
\dspbrk@lvl=\count95
\tag@help=\toks16
\row@=\count96
\column@=\count97
\maxfields@=\count98
\andhelp@=\toks17
\eqnshift@=\dimen110
\alignsep@=\dimen111
\tagshift@=\dimen112
\tagwidth@=\dimen113
\totwidth@=\dimen114
\lineht@=\dimen115
\@envbody=\toks18
\multlinegap=\skip53
\multlinetaggap=\skip54
\mathdisplay@stack=\toks19
LaTeX Info: Redefining \[ on input line 2665.
LaTeX Info: Redefining \] on input line 2666.
) (/usr/local/texlive/2015/texmf-dist/tex/latex/amsfonts/eucal.sty
Package: eucal 2009/06/22 v3.00 Euler Script fonts
LaTeX Font Info:    Overwriting math alphabet `\EuScript' in version `bold'
(Font)                  U/eus/m/n --> U/eus/b/n on input line 33.
)
(/usr/local/texlive/texmf-local/tex/latex/local/bbm/bbm.sty
Package: bbm 1999/03/15 V 1.2 provides fonts for set symbols - TH
LaTeX Font Info:    Overwriting math alphabet `\mathbbm' in version `bold'
(Font)                  U/bbm/m/n --> U/bbm/bx/n on input line 33.
LaTeX Font Info:    Overwriting math alphabet `\mathbbmss' in version `bold'
(Font)                  U/bbmss/m/n --> U/bbmss/bx/n on input line 35.
)
(/usr/local/texlive/texmf-local/tex/latex/local/extarrows/extarrows.sty

LaTeX Warning: You have requested package `extarrows',
               but the package provides `ccc-arrows'.

Package: ccc-arrows 2002/03/30 v1.0a ccc: Extensible Arrows
)) (/usr/local/texlive/2015/texmf-dist/tex/latex/graphics/graphics.sty
Package: graphics 2014/10/28 v1.0p Standard LaTeX Graphics (DPC,SPQR)

(/usr/local/texlive/2015/texmf-dist/tex/latex/graphics/trig.sty
Package: trig 1999/03/16 v1.09 sin cos tan (DPC)
)
(/usr/local/texlive/2015/texmf-dist/tex/latex/latexconfig/graphics.cfg
File: graphics.cfg 2010/04/23 v1.9 graphics configuration of TeX Live
)
Package graphics Info: Driver file: pdftex.def on input line 94.
)
(/usr/local/texlive/2015/texmf-dist/tex/latex/graphics/graphicx.sty
Package: graphicx 2014/10/28 v1.0g Enhanced LaTeX Graphics (DPC,SPQR)

(/usr/local/texlive/2015/texmf-dist/tex/latex/graphics/keyval.sty
Package: keyval 2014/10/28 v1.15 key=value parser (DPC)
\KV@toks@=\toks20
)
\Gin@req@height=\dimen116
\Gin@req@width=\dimen117
)
(./02-probabilistic-modelling.aux)
\openout1 = `02-probabilistic-modelling.aux'.

LaTeX Font Info:    Checking defaults for OML/cmm/m/it on input line 31.
LaTeX Font Info:    ... okay on input line 31.
LaTeX Font Info:    Checking defaults for T1/cmr/m/n on input line 31.
LaTeX Font Info:    ... okay on input line 31.
LaTeX Font Info:    Checking defaults for OT1/cmr/m/n on input line 31.
LaTeX Font Info:    ... okay on input line 31.
LaTeX Font Info:    Checking defaults for OMS/cmsy/m/n on input line 31.
LaTeX Font Info:    ... okay on input line 31.
LaTeX Font Info:    Checking defaults for OMX/cmex/m/n on input line 31.
LaTeX Font Info:    ... okay on input line 31.
LaTeX Font Info:    Checking defaults for U/cmr/m/n on input line 31.
LaTeX Font Info:    ... okay on input line 31.

(/usr/local/texlive/2015/texmf-dist/tex/context/base/supp-pdf.mkii
[Loading MPS to PDF converter (version 2006.09.02).]
\scratchcounter=\count99
\scratchdimen=\dimen118
\scratchbox=\box29
\nofMPsegments=\count100
\nofMParguments=\count101
\everyMPshowfont=\toks21
\MPscratchCnt=\count102
\MPscratchDim=\dimen119
\MPnumerator=\count103
\makeMPintoPDFobject=\count104
\everyMPtoPDFconversion=\toks22
) (/usr/local/texlive/2015/texmf-dist/tex/generic/oberdiek/pdftexcmds.sty
Package: pdftexcmds 2011/11/29 v0.20 Utility functions of pdfTeX for LuaTeX (HO
)

(/usr/local/texlive/2015/texmf-dist/tex/generic/oberdiek/ifluatex.sty
Package: ifluatex 2010/03/01 v1.3 Provides the ifluatex switch (HO)
Package ifluatex Info: LuaTeX not detected.
)
(/usr/local/texlive/2015/texmf-dist/tex/generic/oberdiek/ifpdf.sty
Package: ifpdf 2011/01/30 v2.3 Provides the ifpdf switch (HO)
Package ifpdf Info: pdfTeX in PDF mode is detected.
)
Package pdftexcmds Info: LuaTeX not detected.
Package pdftexcmds Info: \pdf@primitive is available.
Package pdftexcmds Info: \pdf@ifprimitive is available.
Package pdftexcmds Info: \pdfdraftmode found.
)
(/usr/local/texlive/2015/texmf-dist/tex/latex/oberdiek/epstopdf-base.sty
Package: epstopdf-base 2010/02/09 v2.5 Base part for package epstopdf

(/usr/local/texlive/2015/texmf-dist/tex/latex/oberdiek/grfext.sty
Package: grfext 2010/08/19 v1.1 Manage graphics extensions (HO)

(/usr/local/texlive/2015/texmf-dist/tex/generic/oberdiek/kvdefinekeys.sty
Package: kvdefinekeys 2011/04/07 v1.3 Define keys (HO)
))
(/usr/local/texlive/2015/texmf-dist/tex/latex/oberdiek/kvoptions.sty
Package: kvoptions 2011/06/30 v3.11 Key value format for package options (HO)

(/usr/local/texlive/2015/texmf-dist/tex/generic/oberdiek/kvsetkeys.sty
Package: kvsetkeys 2012/04/25 v1.16 Key value parser (HO)

(/usr/local/texlive/2015/texmf-dist/tex/generic/oberdiek/etexcmds.sty
Package: etexcmds 2011/02/16 v1.5 Avoid name clashes with e-TeX commands (HO)
Package etexcmds Info: Could not find \expanded.
(etexcmds)             That can mean that you are not using pdfTeX 1.50 or
(etexcmds)             that some package has redefined \expanded.
(etexcmds)             In the latter case, load this package earlier.
)))
Package grfext Info: Graphics extension search list:
(grfext)             [.png,.pdf,.jpg,.mps,.jpeg,.jbig2,.jb2,.PNG,.PDF,.JPG,.JPE
G,.JBIG2,.JB2,.eps]
(grfext)             \AppendGraphicsExtensions on input line 452.

(/usr/local/texlive/2015/texmf-dist/tex/latex/latexconfig/epstopdf-sys.cfg
File: epstopdf-sys.cfg 2010/07/13 v1.3 Configuration of (r)epstopdf for TeX Liv
e
))
LaTeX Font Info:    Font shape `OT1/fcmss/m/sc' in size <29.86> not available
(Font)              Font shape `OT1/fcmr/m/sc' tried instead on input line 32.

[0

{/usr/local/texlive/2015/texmf-var/fonts/map/pdftex/updmap/pdftex.map}]
<./illustrations/electron-difraction.pdf, id=9, 476.78125pt x 478.78876pt>
File: ./illustrations/electron-difraction.pdf Graphic file (type pdf)

<use ./illustrations/electron-difraction.pdf>
Package pdftex.def Info: ./illustrations/electron-difraction.pdf used on input 
line 37.
(pdftex.def)             Requested size: 141.66776pt x 142.26378pt.

<./illustrations/lightning.pdf, id=10, 501.875pt x 501.875pt>
File: ./illustrations/lightning.pdf Graphic file (type pdf)

<use ./illustrations/lightning.pdf>
Package pdftex.def Info: ./illustrations/lightning.pdf used on input line 38.
(pdftex.def)             Requested size: 142.26239pt x 142.26378pt.

<./illustrations/coin-flip.pdf, id=11, 501.875pt x 501.875pt>
File: ./illustrations/coin-flip.pdf Graphic file (type pdf)

<use ./illustrations/coin-flip.pdf>
Package pdftex.def Info: ./illustrations/coin-flip.pdf used on input line 39.
(pdftex.def)             Requested size: 142.26239pt x 142.26378pt.
LaTeX Font Info:    Try loading font information for U+msa on input line 45.

(/usr/local/texlive/2015/texmf-dist/tex/latex/amsfonts/umsa.fd
File: umsa.fd 2013/01/14 v3.01 AMS symbols A
)
LaTeX Font Info:    Try loading font information for U+msb on input line 45.

(/usr/local/texlive/2015/texmf-dist/tex/latex/amsfonts/umsb.fd
File: umsb.fd 2013/01/14 v3.01 AMS symbols B
) [1 <./illustrations/electron-difraction.pdf> <./illustrations/lightning.pdf> 
<./illustrations/coin-flip.pdf>] <./illustrations/rolling-dice.pdf, id=52, 803.
0pt x 803.0pt>
File: ./illustrations/rolling-dice.pdf Graphic file (type pdf)

<use ./illustrations/rolling-dice.pdf>
Package pdftex.def Info: ./illustrations/rolling-dice.pdf used on input line 52
.
(pdftex.def)             Requested size: 227.61984pt x 227.62204pt.
 [2 <./illustrations/rolling-dice.pdf>]
<./illustrations/shell-game.pdf, id=68, 501.875pt x 501.875pt>
File: ./illustrations/shell-game.pdf Graphic file (type pdf)

<use ./illustrations/shell-game.pdf>
Package pdftex.def Info: ./illustrations/shell-game.pdf used on input line 68.
(pdftex.def)             Requested size: 227.62596pt x 227.62204pt.
 [3 <./illustrations/shell-game.pdf>]
<./illustrations/pigsfly.pdf, id=84, 501.875pt x 501.875pt>
File: ./illustrations/pigsfly.pdf Graphic file (type pdf)

<use ./illustrations/pigsfly.pdf>
Package pdftex.def Info: ./illustrations/pigsfly.pdf used on input line 81.
(pdftex.def)             Requested size: 227.62596pt x 227.62204pt.
 [4 <./illustrations/pigsfly.pdf>] [5]
[5] [6]
<./illustrations/binomial_distribution.pdf, id=117, 713.94543pt x 364.61783pt>
File: ./illustrations/binomial_distribution.pdf Graphic file (type pdf)

<use ./illustrations/binomial_distribution.pdf>
Package pdftex.def Info: ./illustrations/binomial_distribution.pdf used on inpu
t line 127.
(pdftex.def)             Requested size: 625.96062pt x 319.68518pt.
 [7 <./illustrations/binomial_distribution.pdf>] [8] [9]
Overfull \hbox (4.47336pt too wide) in paragraph at lines 198--199
[]\OT1/fcmss/m/n/20.74 The true parameter value is rejected on $\OML/fcmm/m/it/
20.74 $\OT1/fcmss/m/n/20.74 -fraction of possible observations. 
 []

[10]
<./illustrations/bin_conf_intervals_i.pdf, id=141, 372.27519pt x 364.61783pt>
File: ./illustrations/bin_conf_intervals_i.pdf Graphic file (type pdf)

<use ./illustrations/bin_conf_intervals_i.pdf>
Package pdftex.def Info: ./illustrations/bin_conf_intervals_i.pdf used on input
 line 207.
(pdftex.def)             Requested size: 297.82056pt x 291.69464pt.

<./illustrations/bin_conf_intervals_ii.pdf, id=142, 372.27519pt x 364.61783pt>
File: ./illustrations/bin_conf_intervals_ii.pdf Graphic file (type pdf)

<use ./illustrations/bin_conf_intervals_ii.pdf>
Package pdftex.def Info: ./illustrations/bin_conf_intervals_ii.pdf used on inpu
t line 207.
(pdftex.def)             Requested size: 297.82056pt x 291.69464pt.
 [11 <./illustrations/bin_conf_intervals_i.pdf> <./illustrations/bin_conf_inter
vals_ii.pdf

pdfTeX warning: /Library/TeX/texbin/pdflatex (file ./illustrations/bin_conf_int
ervals_ii.pdf): PDF inclusion: multiple pdfs with page group included in a sing
le page
>] [12]
<./illustrations/confidence_intervals_example.pdf, id=171, 713.94543pt x 376.04
228pt>
File: ./illustrations/confidence_intervals_example.pdf Graphic file (type pdf)
 <use ./illustrations/confidence_intervals_example.pdf>
Package pdftex.def Info: ./illustrations/confidence_intervals_example.pdf used 
on input line 238.
(pdftex.def)             Requested size: 571.15712pt x 300.83423pt.
 [13 <./illustrations/confidence_intervals_example.pdf>] [14] [15]
<./illustrations/prediction-intervals-example.pdf, id=202, 578.16pt x 289.08pt>
File: ./illustrations/prediction-intervals-example.pdf Graphic file (type pdf)
<use ./illustrations/prediction-intervals-example.pdf>
Package pdftex.def Info: ./illustrations/prediction-intervals-example.pdf used 
on input line 283.
(pdftex.def)             Requested size: 578.15858pt x 289.07928pt.
 [16 <./illustrations/prediction-intervals-example.pdf>]
LaTeX Font Info:    Font shape `OT1/fcmss/m/sc' in size <20.74> not available
(Font)              Font shape `OT1/fcmr/m/sc' tried instead on input line 295.

 [17]
<./illustrations/qq_line_distribution.pdf, id=217, 377.88991pt x 365.75032pt>
File: ./illustrations/qq_line_distribution.pdf Graphic file (type pdf)

<use ./illustrations/qq_line_distribution.pdf>
Package pdftex.def Info: ./illustrations/qq_line_distribution.pdf used on input
 line 312.
(pdftex.def)             Requested size: 302.31233pt x 292.60065pt.

<./illustrations/qq_confidence_envelope.pdf, id=218, 377.88991pt x 366.78593pt>
File: ./illustrations/qq_confidence_envelope.pdf Graphic file (type pdf)
<use ./illustrations/qq_confidence_envelope.pdf>
Package pdftex.def Info: ./illustrations/qq_confidence_envelope.pdf used on inp
ut line 312.
(pdftex.def)             Requested size: 302.31233pt x 293.42914pt.
 [18 <./illustrations/qq_line_distribution.pdf> <./illustrations/qq_confidence_
envelope.pdf

pdfTeX warning: /Library/TeX/texbin/pdflatex (file ./illustrations/qq_confidenc
e_envelope.pdf): PDF inclusion: multiple pdfs with page group included in a sin
gle page
>] [19] [19]
<./illustrations/bayes-inference.pdf, id=251, 517.935pt x 278.03876pt>
File: ./illustrations/bayes-inference.pdf Graphic file (type pdf)

<use ./illustrations/bayes-inference.pdf>
Package pdftex.def Info: ./illustrations/bayes-inference.pdf used on input line
 347.
(pdftex.def)             Requested size: 466.13718pt x 250.23256pt.
 [20 <./illustrations/bayes-inference.pdf>] <./illustrations/uniformed-posterio
r.pdf, id=285, 867.24pt x 433.62pt>
File: ./illustrations/uniformed-posterior.pdf Graphic file (type pdf)

<use ./illustrations/uniformed-posterior.pdf>
Package pdftex.def Info: ./illustrations/uniformed-posterior.pdf used on input 
line 355.
(pdftex.def)             Requested size: 625.96062pt x 312.99353pt.
 [21 <./illustrations/uniformed-posterior.pdf>]
<./illustrations/informed-posterior.pdf, id=294, 867.24pt x 433.62pt>
File: ./illustrations/informed-posterior.pdf Graphic file (type pdf)

<use ./illustrations/informed-posterior.pdf>
Package pdftex.def Info: ./illustrations/informed-posterior.pdf used on input l
ine 363.
(pdftex.def)             Requested size: 625.96062pt x 312.99353pt.
 [22 <./illustrations/informed-posterior.pdf>]
<./illustrations/naive-bayes-scheme.pdf, id=304, 442.65375pt x 245.91875pt>
File: ./illustrations/naive-bayes-scheme.pdf Graphic file (type pdf)

<use ./illustrations/naive-bayes-scheme.pdf>
Package pdftex.def Info: ./illustrations/naive-bayes-scheme.pdf used on input l
ine 373.
(pdftex.def)             Requested size: 354.12346pt x 196.73524pt.
 [23 <./illustrations/naive-bayes-scheme.pdf>] [24] [25] [26] [27]
<./illustrations/bayesian-network.pdf, id=369, 619.31375pt x 275.0275pt>
File: ./illustrations/bayesian-network.pdf Graphic file (type pdf)

<use ./illustrations/bayesian-network.pdf>
Package pdftex.def Info: ./illustrations/bayesian-network.pdf used on input lin
e 433.
(pdftex.def)             Requested size: 495.45168pt x 220.0223pt.
 [28 <./illustrations/bayesian-network.pdf>] [29] (./02-probabilistic-modelling
.aux)

LaTeX Font Warning: Size substitutions with differences
(Font)              up to 6.05pt have occurred.

 ) 
Here is how much of TeX's memory you used:
 3099 strings out of 493089
 45127 string characters out of 6134843
 99313 words of memory out of 5000000
 6509 multiletter control sequences out of 15000+600000
 17591 words of font info for 67 fonts, out of 8000000 for 9000
 1141 hyphenation exceptions out of 8191
 37i,15n,28p,280b,203s stack positions out of 5000i,500n,10000p,200000b,80000s
</usr/local/texlive/2015/texmf-dist/fonts/type1/public/amsfonts/cm/cmcsc10.pf
b></usr/local/texlive/2015/texmf-dist/fonts/type1/public/amsfonts/cm/cmex10.pfb
></usr/local/texlive/2015/texmf-dist/fonts/type1/public/amsfonts/cm/cmmi10.pfb>
</usr/local/texlive/2015/texmf-dist/fonts/type1/public/amsfonts/cm/cmmi7.pfb></
usr/local/texlive/2015/texmf-dist/fonts/type1/public/amsfonts/cm/cmmib10.pfb></
usr/local/texlive/2015/texmf-dist/fonts/type1/public/amsfonts/cm/cmr10.pfb></us
r/local/texlive/2015/texmf-dist/fonts/type1/public/amsfonts/cm/cmr7.pfb></usr/l
ocal/texlive/2015/texmf-dist/fonts/type1/public/amsfonts/cm/cmss10.pfb></usr/lo
cal/texlive/2015/texmf-dist/fonts/type1/public/amsfonts/cm/cmssbx10.pfb></usr/l
ocal/texlive/2015/texmf-dist/fonts/type1/public/amsfonts/cm/cmssi10.pfb></usr/l
ocal/texlive/2015/texmf-dist/fonts/type1/public/amsfonts/cm/cmsy10.pfb></usr/lo
cal/texlive/2015/texmf-dist/fonts/type1/public/amsfonts/cm/cmsy7.pfb></usr/loca
l/texlive/2015/texmf-dist/fonts/type1/public/amsfonts/symbols/msbm10.pfb>
Output written on 02-probabilistic-modelling.pdf (32 pages, 3109615 bytes).
PDF statistics:
 457 PDF objects out of 1000 (max. 8388607)
 304 compressed objects within 4 object streams
 0 named destinations out of 1000 (max. 500000)
 91 words of extra memory for PDF output out of 10000 (max. 10000000)

